# JRE version: Java(TM) SE Runtime Environment (20.0+36) (build 20+36-2344)
# Java VM: Java HotSpot(TM) 64-Bit Server VM (20+36-2344, mixed mode, sharing, tiered, compressed oops, compressed class ptrs, g1 gc, windows-amd64)
GC Precious Log:
 CardTable entry size: 512
 Card Set container configuration: InlinePtr #cards 5 size 8 Array Of Cards #cards 12 size 40 Howl #buckets 4 coarsen threshold 1843 Howl Bitmap #cards 512 size 80 coarsen threshold 460 Card regions per heap region 1 cards per card region 2048
 CPUs: 4 total, 4 available
 Memory: 8090M
 Large Page Support: Disabled
 NUMA Support: Disabled
 Compressed Oops: Enabled (32-bit)
 Heap Region Size: 1M
 Heap Min Capacity: 8M
 Heap Initial Capacity: 128M
 Heap Max Capacity: 2G
 Pre-touch: Disabled
 Parallel Workers: 4
 Concurrent Workers: 1
 Concurrent Refinement Workers: 4
 Periodic GC: Disabled
Heap:
 garbage-first heap   total 496640K, used 263691K [0x0000000080000000, 0x0000000100000000)
  region size 1024K, 3 young (3072K), 3 survivors (3072K)
 Metaspace       used 118613K, committed 124224K, reserved 552960K
  class space    used 15831K, committed 17856K, reserved 421888K
GC Heap History (20 events):
Event: 124.747 GC heap after
{Heap after GC invocations=53 (full 0):
 garbage-first heap   total 370688K, used 223744K [0x0000000080000000, 0x0000000100000000)
  region size 1024K, 14 young (14336K), 14 survivors (14336K)
 Metaspace       used 113757K, committed 116416K, reserved 552960K
  class space    used 15782K, committed 17088K, reserved 421888K
}
Event: 126.955 GC heap before
{Heap before GC invocations=53 (full 0):
 garbage-first heap   total 370688K, used 340480K [0x0000000080000000, 0x0000000100000000)
  region size 1024K, 124 young (126976K), 14 survivors (14336K)
 Metaspace       used 116718K, committed 119424K, reserved 552960K
  class space    used 16076K, committed 17408K, reserved 421888K
}
Event: 126.982 GC heap after
{Heap after GC invocations=54 (full 0):
 garbage-first heap   total 370688K, used 225280K [0x0000000080000000, 0x0000000100000000)
  region size 1024K, 12 young (12288K), 12 survivors (12288K)
 Metaspace       used 116718K, committed 119424K, reserved 552960K
  class space    used 16076K, committed 17408K, reserved 421888K
}
Event: 1433.736 GC heap before
{Heap before GC invocations=54 (full 0):
 garbage-first heap   total 370688K, used 337920K [0x0000000080000000, 0x0000000100000000)
  region size 1024K, 123 young (125952K), 12 survivors (12288K)
 Metaspace       used 120390K, committed 123136K, reserved 552960K
  class space    used 16497K, committed 17856K, reserved 421888K
}
Event: 1434.276 GC heap after
{Heap after GC invocations=55 (full 0):
 garbage-first heap   total 370688K, used 229888K [0x0000000080000000, 0x0000000100000000)
  region size 1024K, 11 young (11264K), 11 survivors (11264K)
 Metaspace       used 120390K, committed 123136K, reserved 552960K
  class space    used 16497K, committed 17856K, reserved 421888K
}
Event: 1806.728 GC heap before
{Heap before GC invocations=56 (full 0):
 garbage-first heap   total 386048K, used 237056K [0x0000000080000000, 0x0000000100000000)
  region size 1024K, 18 young (18432K), 11 survivors (11264K)
 Metaspace       used 120405K, committed 123136K, reserved 552960K
  class space    used 16497K, committed 17856K, reserved 421888K
}
Event: 1806.814 GC heap after
{Heap after GC invocations=57 (full 0):
 garbage-first heap   total 386048K, used 231408K [0x0000000080000000, 0x0000000100000000)
  region size 1024K, 2 young (2048K), 2 survivors (2048K)
 Metaspace       used 120405K, committed 123136K, reserved 552960K
  class space    used 16497K, committed 17856K, reserved 421888K
}
Event: 4285.439 GC heap before
{Heap before GC invocations=57 (full 0):
 garbage-first heap   total 386048K, used 361456K [0x0000000080000000, 0x0000000100000000)
  region size 1024K, 130 young (133120K), 2 survivors (2048K)
 Metaspace       used 120829K, committed 123584K, reserved 552960K
  class space    used 16507K, committed 17856K, reserved 421888K
}
Event: 4286.483 GC heap after
{Heap after GC invocations=58 (full 0):
 garbage-first heap   total 386048K, used 242176K [0x0000000080000000, 0x0000000100000000)
  region size 1024K, 14 young (14336K), 14 survivors (14336K)
 Metaspace       used 120829K, committed 123584K, reserved 552960K
  class space    used 16507K, committed 17856K, reserved 421888K
}
Event: 4291.990 GC heap before
{Heap before GC invocations=58 (full 0):
 garbage-first heap   total 386048K, used 350720K [0x0000000080000000, 0x0000000100000000)
  region size 1024K, 120 young (122880K), 14 survivors (14336K)
 Metaspace       used 121226K, committed 123968K, reserved 552960K
  class space    used 16516K, committed 17856K, reserved 421888K
}
Event: 4292.257 GC heap after
{Heap after GC invocations=59 (full 0):
 garbage-first heap   total 386048K, used 258910K [0x0000000080000000, 0x0000000100000000)
  region size 1024K, 15 young (15360K), 15 survivors (15360K)
 Metaspace       used 121226K, committed 123968K, reserved 552960K
  class space    used 16516K, committed 17856K, reserved 421888K
}
Event: 4292.666 GC heap before
{Heap before GC invocations=59 (full 0):
 garbage-first heap   total 386048K, used 273246K [0x0000000080000000, 0x0000000100000000)
  region size 1024K, 29 young (29696K), 15 survivors (15360K)
 Metaspace       used 121284K, committed 124032K, reserved 552960K
  class space    used 16516K, committed 17856K, reserved 421888K
}
Event: 4292.706 GC heap after
{Heap after GC invocations=60 (full 0):
 garbage-first heap   total 386048K, used 263168K [0x0000000080000000, 0x0000000100000000)
  region size 1024K, 4 young (4096K), 4 survivors (4096K)
 Metaspace       used 121284K, committed 124032K, reserved 552960K
  class space    used 16516K, committed 17856K, reserved 421888K
}
Event: 4294.205 GC heap before
{Heap before GC invocations=60 (full 0):
 garbage-first heap   total 386048K, used 293888K [0x0000000080000000, 0x0000000100000000)
  region size 1024K, 34 young (34816K), 4 survivors (4096K)
 Metaspace       used 121386K, committed 124096K, reserved 552960K
  class space    used 16517K, committed 17856K, reserved 421888K
}
Event: 4294.222 GC heap after
{Heap after GC invocations=61 (full 0):
 garbage-first heap   total 386048K, used 266550K [0x0000000080000000, 0x0000000100000000)
  region size 1024K, 3 young (3072K), 3 survivors (3072K)
 Metaspace       used 121386K, committed 124096K, reserved 552960K
  class space    used 16517K, committed 17856K, reserved 421888K
}
Event: 4298.659 GC heap before
{Heap before GC invocations=61 (full 0):
 garbage-first heap   total 496640K, used 297270K [0x0000000080000000, 0x0000000100000000)
  region size 1024K, 34 young (34816K), 3 survivors (3072K)
 Metaspace       used 118406K, committed 124160K, reserved 552960K
  class space    used 15818K, committed 17856K, reserved 421888K
}
Event: 4298.683 GC heap after
{Heap after GC invocations=62 (full 0):
 garbage-first heap   total 496640K, used 269312K [0x0000000080000000, 0x0000000100000000)
  region size 1024K, 5 young (5120K), 5 survivors (5120K)
 Metaspace       used 118406K, committed 124160K, reserved 552960K
  class space    used 15818K, committed 17856K, reserved 421888K
}
Event: 4300.080 GC heap before
{Heap before GC invocations=63 (full 0):
 garbage-first heap   total 496640K, used 288768K [0x0000000080000000, 0x0000000100000000)
  region size 1024K, 24 young (24576K), 5 survivors (5120K)
 Metaspace       used 118489K, committed 124160K, reserved 552960K
  class space    used 15827K, committed 17856K, reserved 421888K
}
Event: 4300.121 GC heap after
{Heap after GC invocations=64 (full 0):
 garbage-first heap   total 496640K, used 271657K [0x0000000080000000, 0x0000000100000000)
  region size 1024K, 2 young (2048K), 2 survivors (2048K)
 Metaspace       used 118489K, committed 124160K, reserved 552960K
  class space    used 15827K, committed 17856K, reserved 421888K
}
Event: 4300.784 GC heap before
{Heap before GC invocations=64 (full 0):
 garbage-first heap   total 496640K, used 293161K [0x0000000080000000, 0x0000000100000000)
  region size 1024K, 24 young (24576K), 2 survivors (2048K)
 Metaspace       used 118613K, committed 124224K, reserved 552960K
  class space    used 15831K, committed 17856K, reserved 421888K
}

