# JRE version: Java(TM) SE Runtime Environment (20.0+36) (build 20+36-2344)
# Java VM: Java HotSpot(TM) 64-Bit Server VM (20+36-2344, mixed mode, sharing, tiered, compressed oops, compressed class ptrs, g1 gc, windows-amd64)
GC Precious Log:
 CardTable entry size: 512
 Card Set container configuration: InlinePtr #cards 5 size 8 Array Of Cards #cards 12 size 40 Howl #buckets 4 coarsen threshold 1843 Howl Bitmap #cards 512 size 80 coarsen threshold 460 Card regions per heap region 1 cards per card region 2048
 CPUs: 4 total, 4 available
 Memory: 8090M
 Large Page Support: Disabled
 NUMA Support: Disabled
 Compressed Oops: Enabled (32-bit)
 Heap Region Size: 1M
 Heap Min Capacity: 8M
 Heap Initial Capacity: 128M
 Heap Max Capacity: 2G
 Pre-touch: Disabled
 Parallel Workers: 4
 Concurrent Workers: 1
 Concurrent Refinement Workers: 4
 Periodic GC: Disabled
Heap:
 garbage-first heap   total 336896K, used 242688K [0x0000000080000000, 0x0000000100000000)
  region size 1024K, 41 young (41984K), 7 survivors (7168K)
 Metaspace       used 113166K, committed 115776K, reserved 552960K
  class space    used 15763K, committed 17024K, reserved 421888K
GC Heap History (20 events):
Event: 124.187 GC heap before
{Heap before GC invocations=38 (full 0):
 garbage-first heap   total 215040K, used 172306K [0x0000000080000000, 0x0000000100000000)
  region size 1024K, 68 young (69632K), 11 survivors (11264K)
 Metaspace       used 98066K, committed 100480K, reserved 552960K
  class space    used 13816K, committed 14976K, reserved 421888K
}
Event: 124.214 GC heap after
{Heap after GC invocations=39 (full 0):
 garbage-first heap   total 215040K, used 124829K [0x0000000080000000, 0x0000000100000000)
  region size 1024K, 9 young (9216K), 9 survivors (9216K)
 Metaspace       used 98066K, committed 100480K, reserved 552960K
  class space    used 13816K, committed 14976K, reserved 421888K
}
Event: 125.969 GC heap before
{Heap before GC invocations=40 (full 0):
 garbage-first heap   total 224256K, used 195485K [0x0000000080000000, 0x0000000100000000)
  region size 1024K, 72 young (73728K), 9 survivors (9216K)
 Metaspace       used 99222K, committed 101632K, reserved 552960K
  class space    used 13983K, committed 15168K, reserved 421888K
}
Event: 125.993 GC heap after
{Heap after GC invocations=41 (full 0):
 garbage-first heap   total 224256K, used 145408K [0x0000000080000000, 0x0000000100000000)
  region size 1024K, 9 young (9216K), 9 survivors (9216K)
 Metaspace       used 99222K, committed 101632K, reserved 552960K
  class space    used 13983K, committed 15168K, reserved 421888K
}
Event: 127.145 GC heap before
{Heap before GC invocations=41 (full 0):
 garbage-first heap   total 224256K, used 200704K [0x0000000080000000, 0x0000000100000000)
  region size 1024K, 63 young (64512K), 9 survivors (9216K)
 Metaspace       used 101561K, committed 104064K, reserved 552960K
  class space    used 14276K, committed 15488K, reserved 421888K
}
Event: 127.165 GC heap after
{Heap after GC invocations=42 (full 0):
 garbage-first heap   total 224256K, used 151552K [0x0000000080000000, 0x0000000100000000)
  region size 1024K, 6 young (6144K), 6 survivors (6144K)
 Metaspace       used 101561K, committed 104064K, reserved 552960K
  class space    used 14276K, committed 15488K, reserved 421888K
}
Event: 128.376 GC heap before
{Heap before GC invocations=42 (full 0):
 garbage-first heap   total 224256K, used 203776K [0x0000000080000000, 0x0000000100000000)
  region size 1024K, 57 young (58368K), 6 survivors (6144K)
 Metaspace       used 104322K, committed 106944K, reserved 552960K
  class space    used 14695K, committed 16000K, reserved 421888K
}
Event: 128.389 GC heap after
{Heap after GC invocations=43 (full 0):
 garbage-first heap   total 224256K, used 154902K [0x0000000080000000, 0x0000000100000000)
  region size 1024K, 4 young (4096K), 4 survivors (4096K)
 Metaspace       used 104322K, committed 106944K, reserved 552960K
  class space    used 14695K, committed 16000K, reserved 421888K
}
Event: 129.448 GC heap before
{Heap before GC invocations=44 (full 0):
 garbage-first heap   total 280576K, used 204054K [0x0000000080000000, 0x0000000100000000)
  region size 1024K, 52 young (53248K), 4 survivors (4096K)
 Metaspace       used 106396K, committed 108992K, reserved 552960K
  class space    used 14958K, committed 16256K, reserved 421888K
}
Event: 129.467 GC heap after
{Heap after GC invocations=45 (full 0):
 garbage-first heap   total 280576K, used 159332K [0x0000000080000000, 0x0000000100000000)
  region size 1024K, 7 young (7168K), 7 survivors (7168K)
 Metaspace       used 106396K, committed 108992K, reserved 552960K
  class space    used 14958K, committed 16256K, reserved 421888K
}
Event: 130.854 GC heap before
{Heap before GC invocations=45 (full 0):
 garbage-first heap   total 280576K, used 246372K [0x0000000080000000, 0x0000000100000000)
  region size 1024K, 91 young (93184K), 7 survivors (7168K)
 Metaspace       used 106816K, committed 109376K, reserved 552960K
  class space    used 14994K, committed 16256K, reserved 421888K
}
Event: 130.887 GC heap after
{Heap after GC invocations=46 (full 0):
 garbage-first heap   total 280576K, used 172008K [0x0000000080000000, 0x0000000100000000)
  region size 1024K, 12 young (12288K), 12 survivors (12288K)
 Metaspace       used 106816K, committed 109376K, reserved 552960K
  class space    used 14994K, committed 16256K, reserved 421888K
}
Event: 131.679 GC heap before
{Heap before GC invocations=46 (full 0):
 garbage-first heap   total 280576K, used 203752K [0x0000000080000000, 0x0000000100000000)
  region size 1024K, 45 young (46080K), 12 survivors (12288K)
 Metaspace       used 107213K, committed 109824K, reserved 552960K
  class space    used 15037K, committed 16320K, reserved 421888K
}
Event: 131.707 GC heap after
{Heap after GC invocations=47 (full 0):
 garbage-first heap   total 336896K, used 180121K [0x0000000080000000, 0x0000000100000000)
  region size 1024K, 7 young (7168K), 7 survivors (7168K)
 Metaspace       used 107213K, committed 109824K, reserved 552960K
  class space    used 15037K, committed 16320K, reserved 421888K
}
Event: 134.748 GC heap before
{Heap before GC invocations=48 (full 0):
 garbage-first heap   total 336896K, used 285593K [0x0000000080000000, 0x0000000100000000)
  region size 1024K, 109 young (111616K), 7 survivors (7168K)
 Metaspace       used 111927K, committed 114496K, reserved 552960K
  class space    used 15653K, committed 16896K, reserved 421888K
}
Event: 134.778 GC heap after
{Heap after GC invocations=49 (full 0):
 garbage-first heap   total 336896K, used 193536K [0x0000000080000000, 0x0000000100000000)
  region size 1024K, 14 young (14336K), 14 survivors (14336K)
 Metaspace       used 111927K, committed 114496K, reserved 552960K
  class space    used 15653K, committed 16896K, reserved 421888K
}
Event: 136.862 GC heap before
{Heap before GC invocations=49 (full 0):
 garbage-first heap   total 336896K, used 291840K [0x0000000080000000, 0x0000000100000000)
  region size 1024K, 111 young (113664K), 14 survivors (14336K)
 Metaspace       used 112800K, committed 115392K, reserved 552960K
  class space    used 15727K, committed 17024K, reserved 421888K
}
Event: 136.902 GC heap after
{Heap after GC invocations=50 (full 0):
 garbage-first heap   total 336896K, used 202240K [0x0000000080000000, 0x0000000100000000)
  region size 1024K, 11 young (11264K), 11 survivors (11264K)
 Metaspace       used 112800K, committed 115392K, reserved 552960K
  class space    used 15727K, committed 17024K, reserved 421888K
}
Event: 140.338 GC heap before
{Heap before GC invocations=50 (full 0):
 garbage-first heap   total 336896K, used 297472K [0x0000000080000000, 0x0000000100000000)
  region size 1024K, 105 young (107520K), 11 survivors (11264K)
 Metaspace       used 113166K, committed 115776K, reserved 552960K
  class space    used 15763K, committed 17024K, reserved 421888K
}
Event: 140.364 GC heap after
{Heap after GC invocations=51 (full 0):
 garbage-first heap   total 336896K, used 208896K [0x0000000080000000, 0x0000000100000000)
  region size 1024K, 7 young (7168K), 7 survivors (7168K)
 Metaspace       used 113166K, committed 115776K, reserved 552960K
  class space    used 15763K, committed 17024K, reserved 421888K
}

